Spymaster's hint is: trait 2, clue number 2.
Blue operative picks a card!
Card flipped! Word: "cold", COLOR number: 3
Card at row 4 and column 2.
Blue operative picks a card!
Card flipped! Word: "superficial", COLOR number: 3
Card at row 1 and column 3.
Blue operative picks a card!
Card flipped! Word: "tree", COLOR number: 0
Card at row 3 and column 1.
END OF TURN!

Spymaster's hint is: match 1, clue number 1.
Card flipped! Word: "coordinated", COLOR number: 2
Card at row 4 and column 4.
Card flipped! Word: "bear", COLOR number: 3
Card at row 3 and column 4.
Spymaster's hint is: smell 1, clue number 1.
Blue operative picks a card!
Card flipped! Word: "scent", COLOR number: 3
Card at row 3 and column 2.
Blue operative picks a card!
Card flipped! Word: "whip", COLOR number: 1
Card at row 0 and column 1.
End of the game. The assassin was picked, Blue team won!
Spymaster's hint is: frenzied 1, clue number 1.

End of the game, Red team won!
Card flipped! Word: "blind", COLOR number: 2
Card flipped! Word: "heal", COLOR number: 0
Card flipped! Word: "acceptable", COLOR number: 2
Card flipped! Word: "lamentable", COLOR number: 3
Card flipped! Word: "skip", COLOR number: 2
Card flipped! Word: "general", COLOR number: 3
Card flipped! Word: "shrill", COLOR number: 3
Card flipped! Word: "realise", COLOR number: 0
Card flipped! Word: "furtive", COLOR number: 0
Card flipped! Word: "rabid", COLOR number: 0
Card flipped! Word: "trouble", COLOR number: 3
Card flipped! Word: "relax", COLOR number: 2
Card flipped! Word: "stamp", COLOR number: 2
Card flipped! Word: "perfect", COLOR number: 3
Card flipped! Word: "disagree", COLOR number: 0
Card flipped! Word: "mundane", COLOR number: 0
Card flipped! Word: "fowl", COLOR number: 2
Card flipped! Word: "wrathful", COLOR number: 2
